[  1%] Generating SSL4KEQ_artefacts/JuceLibraryCode/JuceHeader.h
[  3%] Building CXX object CMakeFiles/juce_lv2_helper.dir/home/marc/Projects/JUCE/modules/juce_audio_plugin_client/LV2/juce_LV2ManifestHelper.cpp.o
[  5%] Building CXX object CMakeFiles/juce_vst3_helper.dir/home/marc/Projects/JUCE/modules/juce_audio_plugin_client/VST3/juce_VST3ManifestHelper.cpp.o
[  7%] Building CXX object CMakeFiles/SSL4KEQ.dir/home/marc/Projects/4ke/SSLLookAndFeel.cpp.o
[  9%] Building CXX object CMakeFiles/SSL4KEQ.dir/home/marc/Projects/JUCE/modules/juce_gui_extra/juce_gui_extra.cpp.o
[ 13%] Building CXX object CMakeFiles/SSL4KEQ.dir/home/marc/Projects/4ke/SSL4KEQ.cpp.o
[ 13%] Building CXX object CMakeFiles/SSL4KEQ.dir/home/marc/Projects/4ke/PluginEditor.cpp.o
[ 16%] Building CXX object CMakeFiles/SSL4KEQ.dir/home/marc/Projects/JUCE/modules/juce_graphics/juce_graphics.cpp.o
[ 16%] Building CXX object CMakeFiles/SSL4KEQ.dir/home/marc/Projects/JUCE/modules/juce_gui_basics/juce_gui_basics.cpp.o
[ 18%] Building CXX object CMakeFiles/SSL4KEQ.dir/home/marc/Projects/JUCE/modules/juce_audio_processors/juce_audio_processors_ara.cpp.o
[ 20%] Building CXX object CMakeFiles/SSL4KEQ.dir/home/marc/Projects/JUCE/modules/juce_audio_processors/juce_audio_processors_lv2_libs.cpp.o
[ 24%] Building CXX object CMakeFiles/SSL4KEQ.dir/home/marc/Projects/JUCE/modules/juce_graphics/juce_graphics_Harfbuzz.cpp.o
[ 24%] Building CXX object CMakeFiles/SSL4KEQ.dir/home/marc/Projects/JUCE/modules/juce_audio_processors/juce_audio_processors.cpp.o
[ 26%] Building C object CMakeFiles/SSL4KEQ.dir/home/marc/Projects/JUCE/modules/juce_graphics/juce_graphics_Sheenbidi.c.o
[ 28%] Building CXX object CMakeFiles/SSL4KEQ.dir/home/marc/Projects/JUCE/modules/juce_events/juce_events.cpp.o
[ 30%] Linking CXX executable juce_lv2_helper
[ 30%] Built target juce_lv2_helper
[ 33%] Building CXX object CMakeFiles/SSL4KEQ.dir/home/marc/Projects/JUCE/modules/juce_core/juce_core_CompilationTime.cpp.o
[ 33%] Building CXX object CMakeFiles/SSL4KEQ.dir/home/marc/Projects/JUCE/modules/juce_core/juce_core.cpp.o
[ 35%] Building CXX object CMakeFiles/SSL4KEQ.dir/home/marc/Projects/JUCE/modules/juce_data_structures/juce_data_structures.cpp.o
In file included from /home/marc/Projects/JUCE/modules/juce_core/system/juce_StandardHeader.h:95,
                 from /home/marc/Projects/JUCE/modules/juce_core/juce_core.h:215,
                 from /home/marc/Projects/JUCE/modules/juce_graphics/juce_graphics.h:67,
                 from /home/marc/Projects/JUCE/modules/juce_gui_basics/juce_gui_basics.h:68,
                 from /home/marc/Projects/JUCE/modules/juce_gui_basics/juce_gui_basics.cpp:55:
/home/marc/Projects/JUCE/modules/juce_core/system/juce_PlatformDefs.h:286:38: note: ‘#pragma message: This version of JUCE does not use the splash screen, the flag JUCE_DISPLAY_SPLASH_SCREEN is ignored’
  286 |  #define JUCE_COMPILER_WARNING(msg)  _Pragma (JUCE_STRINGIFY (message (msg)))
      |                                      ^~~~~~~
/home/marc/Projects/JUCE/modules/juce_gui_basics/juce_gui_basics.cpp:61:2: note: in expansion of macro ‘JUCE_COMPILER_WARNING’
   61 |  JUCE_COMPILER_WARNING ("This version of JUCE does not use the splash screen, the flag JUCE_DISPLAY_SPLASH_SCREEN is ignored")
      |  ^~~~~~~~~~~~~~~~~~~~~
[ 37%] Building CXX object CMakeFiles/SSL4KEQ.dir/home/marc/Projects/JUCE/modules/juce_audio_basics/juce_audio_basics.cpp.o
[ 39%] Building CXX object CMakeFiles/SSL4KEQ.dir/home/marc/Projects/JUCE/modules/juce_audio_utils/juce_audio_utils.cpp.o
/home/marc/Projects/4ke/SSLLookAndFeel.cpp: In member function ‘virtual void SSLLookAndFeel::drawToggleButton(juce::Graphics&, juce::ToggleButton&, bool, bool)’:
/home/marc/Projects/4ke/SSLLookAndFeel.cpp:235:44: warning: unused parameter ‘shouldDrawButtonAsHighlighted’ [-Wunused-parameter]
  235 |                                       bool shouldDrawButtonAsHighlighted, bool shouldDrawButtonAsDown)
      |                                       ~~~~~^~~~~~~~~~~~~~~~~~~~~~~~~~~~~
/home/marc/Projects/4ke/SSLLookAndFeel.cpp:235:80: warning: unused parameter ‘shouldDrawButtonAsDown’ [-Wunused-parameter]
  235 |                                       bool shouldDrawButtonAsHighlighted, bool shouldDrawButtonAsDown)
      |                                                                           ~~~~~^~~~~~~~~~~~~~~~~~~~~~
/home/marc/Projects/4ke/SSLLookAndFeel.cpp: In member function ‘virtual void SSLLookAndFeel::drawComboBox(juce::Graphics&, int, int, bool, int, int, int, int, juce::ComboBox&)’:
/home/marc/Projects/4ke/SSLLookAndFeel.cpp:275:82: warning: unused parameter ‘isButtonDown’ [-Wunused-parameter]
  275 | void SSLLookAndFeel::drawComboBox(juce::Graphics& g, int width, int height, bool isButtonDown,
      |                                                                             ~~~~~^~~~~~~~~~~~
In file included from /home/marc/Projects/JUCE/modules/juce_audio_processors/juce_audio_processors.h:154,
                 from /home/marc/Projects/JUCE/modules/juce_audio_plugin_client/juce_audio_plugin_client.h:65,
                 from /home/marc/Projects/4ke/build_juce/SSL4KEQ_artefacts/JuceLibraryCode/JuceHeader.h:14,
                 from /home/marc/Projects/4ke/PluginEditor.h:3,
                 from /home/marc/Projects/4ke/PluginEditor.cpp:1:
/home/marc/Projects/JUCE/modules/juce_audio_processors/processors/juce_AudioProcessor.h:289:18: warning: ‘virtual void juce::AudioProcessor::processBlock(juce::AudioBuffer<double>&, juce::MidiBuffer&)’ was hidden [-Woverloaded-virtual=]
  289 |     virtual void processBlock (AudioBuffer<double>& buffer,
      |                  ^~~~~~~~~~~~
In file included from /home/marc/Projects/4ke/PluginEditor.h:4:
/home/marc/Projects/4ke/SSL4KEQ.h:39:10: note:   by ‘virtual void SSL4KEQ::processBlock(juce::AudioBuffer<float>&, juce::MidiBuffer&)’
   39 |     void processBlock(juce::AudioBuffer<float>&, juce::MidiBuffer&) override;
      |          ^~~~~~~~~~~~
/home/marc/Projects/4ke/SSL4KEQ.h: In member function ‘virtual void SSL4KEQ::setCurrentProgram(int)’:
/home/marc/Projects/4ke/SSL4KEQ.h:56:32: warning: unused parameter ‘index’ [-Wunused-parameter]
   56 |     void setCurrentProgram(int index) override {}
      |                            ~~~~^~~~~
/home/marc/Projects/4ke/SSL4KEQ.h: In member function ‘virtual const juce::String SSL4KEQ::getProgramName(int)’:
/home/marc/Projects/4ke/SSL4KEQ.h:57:43: warning: unused parameter ‘index’ [-Wunused-parameter]
   57 |     const juce::String getProgramName(int index) override { return {}; }
      |                                       ~~~~^~~~~
/home/marc/Projects/4ke/SSL4KEQ.h: In member function ‘virtual void SSL4KEQ::changeProgramName(int, const juce::String&)’:
/home/marc/Projects/4ke/SSL4KEQ.h:58:32: warning: unused parameter ‘index’ [-Wunused-parameter]
   58 |     void changeProgramName(int index, const juce::String& newName) override {}
      |                            ~~~~^~~~~
/home/marc/Projects/4ke/SSL4KEQ.h:58:59: warning: unused parameter ‘newName’ [-Wunused-parameter]
   58 |     void changeProgramName(int index, const juce::String& newName) override {}
      |                                       ~~~~~~~~~~~~~~~~~~~~^~~~~~~
/home/marc/Projects/4ke/PluginEditor.cpp: In member function ‘void SSL4KEQEditor::setupKnob(juce::Slider&, const juce::String&, const juce::String&, bool)’:
/home/marc/Projects/4ke/PluginEditor.cpp:369:73: warning: unused parameter ‘paramID’ [-Wunused-parameter]
  369 | void SSL4KEQEditor::setupKnob(juce::Slider& slider, const juce::String& paramID,
      |                                                     ~~~~~~~~~~~~~~~~~~~~^~~~~~~
/home/marc/Projects/4ke/PluginEditor.cpp: In member function ‘void SSL4KEQEditor::drawKnobMarkings(juce::Graphics&)’:
/home/marc/Projects/4ke/PluginEditor.cpp:422:54: warning: unused parameter ‘g’ [-Wunused-parameter]
  422 | void SSL4KEQEditor::drawKnobMarkings(juce::Graphics& g)
      |                                      ~~~~~~~~~~~~~~~~^
In file included from /home/marc/Projects/JUCE/modules/juce_audio_processors/juce_audio_processors.h:154,
                 from /home/marc/Projects/JUCE/modules/juce_audio_plugin_client/juce_audio_plugin_client.h:65,
                 from /home/marc/Projects/4ke/build_juce/SSL4KEQ_artefacts/JuceLibraryCode/JuceHeader.h:14,
                 from /home/marc/Projects/4ke/SSL4KEQ.h:3,
                 from /home/marc/Projects/4ke/SSL4KEQ.cpp:1:
/home/marc/Projects/JUCE/modules/juce_audio_processors/processors/juce_AudioProcessor.h:289:18: warning: ‘virtual void juce::AudioProcessor::processBlock(juce::AudioBuffer<double>&, juce::MidiBuffer&)’ was hidden [-Woverloaded-virtual=]
  289 |     virtual void processBlock (AudioBuffer<double>& buffer,
      |                  ^~~~~~~~~~~~
/home/marc/Projects/4ke/SSL4KEQ.h:39:10: note:   by ‘virtual void SSL4KEQ::processBlock(juce::AudioBuffer<float>&, juce::MidiBuffer&)’
   39 |     void processBlock(juce::AudioBuffer<float>&, juce::MidiBuffer&) override;
      |          ^~~~~~~~~~~~
/home/marc/Projects/4ke/SSL4KEQ.h: In member function ‘virtual void SSL4KEQ::setCurrentProgram(int)’:
/home/marc/Projects/4ke/SSL4KEQ.h:56:32: warning: unused parameter ‘index’ [-Wunused-parameter]
   56 |     void setCurrentProgram(int index) override {}
      |                            ~~~~^~~~~
/home/marc/Projects/4ke/SSL4KEQ.h: In member function ‘virtual const juce::String SSL4KEQ::getProgramName(int)’:
/home/marc/Projects/4ke/SSL4KEQ.h:57:43: warning: unused parameter ‘index’ [-Wunused-parameter]
   57 |     const juce::String getProgramName(int index) override { return {}; }
      |                                       ~~~~^~~~~
/home/marc/Projects/4ke/SSL4KEQ.h: In member function ‘virtual void SSL4KEQ::changeProgramName(int, const juce::String&)’:
/home/marc/Projects/4ke/SSL4KEQ.h:58:32: warning: unused parameter ‘index’ [-Wunused-parameter]
   58 |     void changeProgramName(int index, const juce::String& newName) override {}
      |                            ~~~~^~~~~
/home/marc/Projects/4ke/SSL4KEQ.h:58:59: warning: unused parameter ‘newName’ [-Wunused-parameter]
   58 |     void changeProgramName(int index, const juce::String& newName) override {}
      |                                       ~~~~~~~~~~~~~~~~~~~~^~~~~~~
/home/marc/Projects/4ke/SSL4KEQ.cpp: In member function ‘virtual void SSL4KEQ::prepareToPlay(double, int)’:
/home/marc/Projects/4ke/SSL4KEQ.cpp:156:35: warning: conversion to ‘size_t’ {aka ‘long unsigned int’} from ‘int’ may change the sign of the result [-Wsign-conversion]
  156 |     oversampler2x->initProcessing(samplesPerBlock);
      |                                   ^~~~~~~~~~~~~~~
/home/marc/Projects/4ke/SSL4KEQ.cpp:157:35: warning: conversion to ‘size_t’ {aka ‘long unsigned int’} from ‘int’ may change the sign of the result [-Wsign-conversion]
  157 |     oversampler4x->initProcessing(samplesPerBlock);
      |                                   ^~~~~~~~~~~~~~~
/home/marc/Projects/4ke/SSL4KEQ.cpp:162:29: warning: conversion to ‘juce::uint32’ {aka ‘unsigned int’} from ‘int’ may change the sign of the result [-Wsign-conversion]
  162 |     spec.maximumBlockSize = samplesPerBlock;
      |                             ^~~~~~~~~~~~~~~
/home/marc/Projects/4ke/SSL4KEQ.cpp: In member function ‘virtual void SSL4KEQ::processBlock(juce::AudioBuffer<float>&, juce::MidiBuffer&)’:
/home/marc/Projects/4ke/SSL4KEQ.cpp:204:80: warning: unused parameter ‘midiMessages’ [-Wunused-parameter]
  204 | void SSL4KEQ::processBlock(juce::AudioBuffer<float>& buffer, juce::MidiBuffer& midiMessages)
      |                                                              ~~~~~~~~~~~~~~~~~~^~~~~~~~~~~~
/home/marc/Projects/4ke/SSL4KEQ.cpp: At global scope:
/home/marc/Projects/4ke/SSL4KEQ.cpp:486:17: warning: redundant redeclaration of ‘const void* ssl4keq_extension_data(const char*)’ in same scope [-Wredundant-decls]
  486 |     const void* ssl4keq_extension_data(const char* uri);
      |                 ^~~~~~~~~~~~~~~~~~~~~~
In file included from /home/marc/Projects/4ke/SSL4KEQ.cpp:6:
/home/marc/Projects/4ke/LV2InlineDisplay.h:82:17: note: previous declaration of ‘const void* ssl4keq_extension_data(const char*)’
   82 |     const void* ssl4keq_extension_data(const char* uri);
      |                 ^~~~~~~~~~~~~~~~~~~~~~
[ 41%] Building CXX object CMakeFiles/SSL4KEQ.dir/home/marc/Projects/JUCE/modules/juce_audio_formats/juce_audio_formats.cpp.o
[ 43%] Building CXX object CMakeFiles/SSL4KEQ.dir/home/marc/Projects/JUCE/modules/juce_audio_devices/juce_audio_devices.cpp.o
[ 45%] Building CXX object CMakeFiles/SSL4KEQ.dir/home/marc/Projects/JUCE/modules/juce_dsp/juce_dsp.cpp.o
[ 47%] Linking CXX executable juce_vst3_helper
[ 47%] Built target juce_vst3_helper
[ 49%] Linking CXX static library "SSL4KEQ_artefacts/Release/libSSL 4000 EQ_SharedCode.a"
[ 49%] Built target SSL4KEQ
[ 52%] Building CXX object CMakeFiles/SSL4KEQ_LV2.dir/home/marc/Projects/JUCE/modules/juce_audio_plugin_client/juce_audio_plugin_client_AAX_utils.cpp.o
[ 52%] Building CXX object CMakeFiles/SSL4KEQ_LV2.dir/home/marc/Projects/JUCE/modules/juce_audio_plugin_client/juce_audio_plugin_client_AAX.cpp.o
[ 54%] Building CXX object CMakeFiles/SSL4KEQ_VST3.dir/home/marc/Projects/JUCE/modules/juce_audio_plugin_client/juce_audio_plugin_client_AAX.cpp.o
[ 64%] Building CXX object CMakeFiles/SSL4KEQ_LV2.dir/home/marc/Projects/JUCE/modules/juce_audio_plugin_client/juce_audio_plugin_client_Unity.cpp.o
[ 58%] Building CXX object CMakeFiles/SSL4KEQ_LV2.dir/home/marc/Projects/JUCE/modules/juce_audio_plugin_client/juce_audio_plugin_client_Standalone.cpp.o
[ 64%] Building CXX object CMakeFiles/SSL4KEQ_Standalone.dir/home/marc/Projects/JUCE/modules/juce_audio_plugin_client/juce_audio_plugin_client_AAX.cpp.o
[ 66%] Building CXX object CMakeFiles/SSL4KEQ_LV2.dir/home/marc/Projects/JUCE/modules/juce_audio_plugin_client/juce_audio_plugin_client_LV2.cpp.o
[ 66%] Building CXX object CMakeFiles/SSL4KEQ_LV2.dir/home/marc/Projects/JUCE/modules/juce_audio_plugin_client/juce_audio_plugin_client_VST3.cpp.o
[ 66%] Building CXX object CMakeFiles/SSL4KEQ_LV2.dir/home/marc/Projects/JUCE/modules/juce_audio_plugin_client/juce_audio_plugin_client_ARA.cpp.o
[ 67%] Building CXX object CMakeFiles/SSL4KEQ_VST3.dir/home/marc/Projects/JUCE/modules/juce_audio_plugin_client/juce_audio_plugin_client_AAX_utils.cpp.o
[ 69%] Building CXX object CMakeFiles/SSL4KEQ_Standalone.dir/home/marc/Projects/JUCE/modules/juce_audio_plugin_client/juce_audio_plugin_client_AAX_utils.cpp.o
[ 71%] Building CXX object CMakeFiles/SSL4KEQ_LV2.dir/home/marc/Projects/JUCE/modules/juce_audio_plugin_client/juce_audio_plugin_client_VST2.cpp.o
<command-line>: warning: "JucePlugin_Build_LV2" redefined
<command-line>: note: this is the location of the previous definition
<command-line>: warning: "JucePlugin_Build_LV2" redefined
<command-line>: note: this is the location of the previous definition
<command-line>: warning: "JucePlugin_Build_LV2" redefined
<command-line>: note: this is the location of the previous definition
<command-line>: warning: "JucePlugin_Build_LV2" redefined
<command-line>: note: this is the location of the previous definition
[ 73%] Building CXX object CMakeFiles/SSL4KEQ_Standalone.dir/home/marc/Projects/JUCE/modules/juce_audio_plugin_client/juce_audio_plugin_client_ARA.cpp.o
[ 75%] Building CXX object CMakeFiles/SSL4KEQ_VST3.dir/home/marc/Projects/JUCE/modules/juce_audio_plugin_client/juce_audio_plugin_client_ARA.cpp.o
[ 79%] Building CXX object CMakeFiles/SSL4KEQ_Standalone.dir/home/marc/Projects/JUCE/modules/juce_audio_plugin_client/juce_audio_plugin_client_LV2.cpp.o
[ 79%] Building CXX object CMakeFiles/SSL4KEQ_Standalone.dir/home/marc/Projects/JUCE/modules/juce_audio_plugin_client/juce_audio_plugin_client_Unity.cpp.o
[ 81%] Building CXX object CMakeFiles/SSL4KEQ_Standalone.dir/home/marc/Projects/JUCE/modules/juce_audio_plugin_client/juce_audio_plugin_client_Standalone.cpp.o
[ 83%] Building CXX object CMakeFiles/SSL4KEQ_VST3.dir/home/marc/Projects/JUCE/modules/juce_audio_plugin_client/juce_audio_plugin_client_LV2.cpp.o
[ 84%] Building CXX object CMakeFiles/SSL4KEQ_VST3.dir/home/marc/Projects/JUCE/modules/juce_audio_plugin_client/juce_audio_plugin_client_Unity.cpp.o
[ 86%] Building CXX object CMakeFiles/SSL4KEQ_VST3.dir/home/marc/Projects/JUCE/modules/juce_audio_plugin_client/juce_audio_plugin_client_Standalone.cpp.o
<command-line>: warning: "JucePlugin_Build_LV2" redefined
<command-line>: note: this is the location of the previous definition
[ 88%] Building CXX object CMakeFiles/SSL4KEQ_VST3.dir/home/marc/Projects/JUCE/modules/juce_audio_plugin_client/juce_audio_plugin_client_VST3.cpp.o
[ 90%] Building CXX object CMakeFiles/SSL4KEQ_Standalone.dir/home/marc/Projects/JUCE/modules/juce_audio_plugin_client/juce_audio_plugin_client_VST2.cpp.o
[ 92%] Building CXX object CMakeFiles/SSL4KEQ_VST3.dir/home/marc/Projects/JUCE/modules/juce_audio_plugin_client/juce_audio_plugin_client_VST2.cpp.o
<command-line>: warning: "JucePlugin_Build_LV2" redefined
<command-line>: note: this is the location of the previous definition
<command-line>: warning: "JucePlugin_Build_LV2" redefined
<command-line>: note: this is the location of the previous definition
<command-line>: warning: "JucePlugin_Build_LV2" redefined
<command-line>: note: this is the location of the previous definition
<command-line>: warning: "JucePlugin_Build_LV2" redefined
<command-line>: warning: "JucePlugin_Build_LV2" redefined
<command-line>: note: this is the location of the previous definition
<command-line>: note: this is the location of the previous definition
<command-line>: warning: "JucePlugin_Build_LV2" redefined
<command-line>: note: this is the location of the previous definition
[ 94%] Building CXX object CMakeFiles/SSL4KEQ_Standalone.dir/home/marc/Projects/JUCE/modules/juce_audio_plugin_client/juce_audio_plugin_client_VST3.cpp.o
<command-line>: warning: "JucePlugin_Build_LV2" redefined
<command-line>: note: this is the location of the previous definition
<command-line>: warning: "JucePlugin_Build_LV2" redefined
<command-line>: note: this is the location of the previous definition
<command-line>: warning: "JucePlugin_Build_LV2" redefined
<command-line>: note: this is the location of the previous definition
<command-line>: warning: "JucePlugin_Build_LV2" redefined
<command-line>: note: this is the location of the previous definition
<command-line>: warning: "JucePlugin_Build_LV2" redefined
<command-line>: note: this is the location of the previous definition
[ 96%] Linking CXX executable "SSL4KEQ_artefacts/Release/Standalone/SSL 4000 EQ"
[ 98%] Linking CXX shared module "SSL4KEQ_artefacts/Release/LV2/SSL 4000 EQ.lv2/libSSL 4000 EQ.so"
[100%] Linking CXX shared module "SSL4KEQ_artefacts/Release/VST3/SSL 4000 EQ.vst3/Contents/x86_64-linux/SSL 4000 EQ.so"
lto-wrapper: warning: using serial compilation of 76 LTRANS jobs
lto-wrapper: note: see the ‘-flto’ option documentation for more information
lto-wrapper: warning: using serial compilation of 71 LTRANS jobs
lto-wrapper: note: see the ‘-flto’ option documentation for more information
lto-wrapper: warning: using serial compilation of 66 LTRANS jobs
lto-wrapper: note: see the ‘-flto’ option documentation for more information
