[  2%] Generating SSL4KEQ_artefacts/JuceLibraryCode/JuceHeader.h
[  8%] Built target juce_vst3_helper
[ 14%] Building CXX object CMakeFiles/SSL4KEQ.dir/home/marc/Projects/JUCE/modules/juce_gui_basics/juce_gui_basics.cpp.o
[ 14%] Building CXX object CMakeFiles/SSL4KEQ.dir/home/marc/Projects/JUCE/modules/juce_audio_processors/juce_audio_processors.cpp.o
[ 17%] Building CXX object CMakeFiles/SSL4KEQ.dir/home/marc/Projects/4ke/SSL4KEQ.cpp.o
[ 23%] Building CXX object CMakeFiles/SSL4KEQ.dir/home/marc/Projects/4ke/SSLLookAndFeel.cpp.o
[ 23%] Building CXX object CMakeFiles/SSL4KEQ.dir/home/marc/Projects/4ke/LV2InlineDisplay_stub.cpp.o
[ 26%] Building CXX object CMakeFiles/SSL4KEQ.dir/home/marc/Projects/JUCE/modules/juce_graphics/juce_graphics.cpp.o
[ 29%] Building CXX object CMakeFiles/SSL4KEQ.dir/home/marc/Projects/JUCE/modules/juce_audio_processors/juce_audio_processors_lv2_libs.cpp.o
[ 35%] Building CXX object CMakeFiles/SSL4KEQ.dir/home/marc/Projects/JUCE/modules/juce_gui_extra/juce_gui_extra.cpp.o
[ 35%] Building CXX object CMakeFiles/SSL4KEQ.dir/home/marc/Projects/JUCE/modules/juce_audio_processors/juce_audio_processors_ara.cpp.o
[ 38%] Building CXX object CMakeFiles/SSL4KEQ.dir/home/marc/Projects/4ke/PluginEditor.cpp.o
[ 41%] Building CXX object CMakeFiles/SSL4KEQ.dir/home/marc/Projects/JUCE/modules/juce_graphics/juce_graphics_Harfbuzz.cpp.o
[ 44%] Building C object CMakeFiles/SSL4KEQ.dir/home/marc/Projects/JUCE/modules/juce_graphics/juce_graphics_Sheenbidi.c.o
[ 47%] Building CXX object CMakeFiles/SSL4KEQ.dir/home/marc/Projects/JUCE/modules/juce_core/juce_core.cpp.o
[ 50%] Building CXX object CMakeFiles/SSL4KEQ.dir/home/marc/Projects/JUCE/modules/juce_events/juce_events.cpp.o
[ 52%] Building CXX object CMakeFiles/SSL4KEQ.dir/home/marc/Projects/JUCE/modules/juce_core/juce_core_CompilationTime.cpp.o
[ 55%] Building CXX object CMakeFiles/SSL4KEQ.dir/home/marc/Projects/JUCE/modules/juce_data_structures/juce_data_structures.cpp.o
[ 58%] Building CXX object CMakeFiles/SSL4KEQ.dir/home/marc/Projects/JUCE/modules/juce_audio_basics/juce_audio_basics.cpp.o
In file included from /home/marc/Projects/JUCE/modules/juce_core/system/juce_StandardHeader.h:95,
                 from /home/marc/Projects/JUCE/modules/juce_core/juce_core.h:215,
                 from /home/marc/Projects/JUCE/modules/juce_graphics/juce_graphics.h:67,
                 from /home/marc/Projects/JUCE/modules/juce_gui_basics/juce_gui_basics.h:68,
                 from /home/marc/Projects/JUCE/modules/juce_gui_basics/juce_gui_basics.cpp:55:
/home/marc/Projects/JUCE/modules/juce_core/system/juce_PlatformDefs.h:286:38: note: ‘#pragma message: This version of JUCE does not use the splash screen, the flag JUCE_DISPLAY_SPLASH_SCREEN is ignored’
  286 |  #define JUCE_COMPILER_WARNING(msg)  _Pragma (JUCE_STRINGIFY (message (msg)))
      |                                      ^~~~~~~
/home/marc/Projects/JUCE/modules/juce_gui_basics/juce_gui_basics.cpp:61:2: note: in expansion of macro ‘JUCE_COMPILER_WARNING’
   61 |  JUCE_COMPILER_WARNING ("This version of JUCE does not use the splash screen, the flag JUCE_DISPLAY_SPLASH_SCREEN is ignored")
      |  ^~~~~~~~~~~~~~~~~~~~~
In file included from /home/marc/Projects/JUCE/modules/juce_audio_processors/juce_audio_processors.h:154,
                 from /home/marc/Projects/JUCE/modules/juce_audio_plugin_client/juce_audio_plugin_client.h:65,
                 from /home/marc/Projects/4ke/build_vst3/SSL4KEQ_artefacts/JuceLibraryCode/JuceHeader.h:14,
                 from /home/marc/Projects/4ke/PluginEditor.h:3,
                 from /home/marc/Projects/4ke/PluginEditor.cpp:1:
/home/marc/Projects/JUCE/modules/juce_audio_processors/processors/juce_AudioProcessor.h:289:18: warning: ‘virtual void juce::AudioProcessor::processBlock(juce::AudioBuffer<double>&, juce::MidiBuffer&)’ was hidden [-Woverloaded-virtual=]
  289 |     virtual void processBlock (AudioBuffer<double>& buffer,
      |                  ^~~~~~~~~~~~
In file included from /home/marc/Projects/4ke/PluginEditor.h:4:
/home/marc/Projects/4ke/SSL4KEQ.h:39:10: note:   by ‘virtual void SSL4KEQ::processBlock(juce::AudioBuffer<float>&, juce::MidiBuffer&)’
   39 |     void processBlock(juce::AudioBuffer<float>&, juce::MidiBuffer&) override;
      |          ^~~~~~~~~~~~
/home/marc/Projects/4ke/SSL4KEQ.h: In member function ‘virtual void SSL4KEQ::setCurrentProgram(int)’:
/home/marc/Projects/4ke/SSL4KEQ.h:56:32: warning: unused parameter ‘index’ [-Wunused-parameter]
   56 |     void setCurrentProgram(int index) override {}
      |                            ~~~~^~~~~
/home/marc/Projects/4ke/SSL4KEQ.h: In member function ‘virtual const juce::String SSL4KEQ::getProgramName(int)’:
/home/marc/Projects/4ke/SSL4KEQ.h:57:43: warning: unused parameter ‘index’ [-Wunused-parameter]
   57 |     const juce::String getProgramName(int index) override { return {}; }
      |                                       ~~~~^~~~~
/home/marc/Projects/4ke/SSL4KEQ.h: In member function ‘virtual void SSL4KEQ::changeProgramName(int, const juce::String&)’:
/home/marc/Projects/4ke/SSL4KEQ.h:58:32: warning: unused parameter ‘index’ [-Wunused-parameter]
   58 |     void changeProgramName(int index, const juce::String& newName) override {}
      |                            ~~~~^~~~~
/home/marc/Projects/4ke/SSL4KEQ.h:58:59: warning: unused parameter ‘newName’ [-Wunused-parameter]
   58 |     void changeProgramName(int index, const juce::String& newName) override {}
      |                                       ~~~~~~~~~~~~~~~~~~~~^~~~~~~
/home/marc/Projects/4ke/PluginEditor.cpp: In member function ‘void SSL4KEQEditor::setupKnob(juce::Slider&, const juce::String&, const juce::String&, bool)’:
/home/marc/Projects/4ke/PluginEditor.cpp:369:73: warning: unused parameter ‘paramID’ [-Wunused-parameter]
  369 | void SSL4KEQEditor::setupKnob(juce::Slider& slider, const juce::String& paramID,
      |                                                     ~~~~~~~~~~~~~~~~~~~~^~~~~~~
/home/marc/Projects/4ke/PluginEditor.cpp: In member function ‘void SSL4KEQEditor::drawKnobMarkings(juce::Graphics&)’:
/home/marc/Projects/4ke/PluginEditor.cpp:422:54: warning: unused parameter ‘g’ [-Wunused-parameter]
  422 | void SSL4KEQEditor::drawKnobMarkings(juce::Graphics& g)
      |                                      ~~~~~~~~~~~~~~~~^
/home/marc/Projects/4ke/SSLLookAndFeel.cpp: In member function ‘virtual void SSLLookAndFeel::drawToggleButton(juce::Graphics&, juce::ToggleButton&, bool, bool)’:
/home/marc/Projects/4ke/SSLLookAndFeel.cpp:235:44: warning: unused parameter ‘shouldDrawButtonAsHighlighted’ [-Wunused-parameter]
  235 |                                       bool shouldDrawButtonAsHighlighted, bool shouldDrawButtonAsDown)
      |                                       ~~~~~^~~~~~~~~~~~~~~~~~~~~~~~~~~~~
/home/marc/Projects/4ke/SSLLookAndFeel.cpp:235:80: warning: unused parameter ‘shouldDrawButtonAsDown’ [-Wunused-parameter]
  235 |                                       bool shouldDrawButtonAsHighlighted, bool shouldDrawButtonAsDown)
      |                                                                           ~~~~~^~~~~~~~~~~~~~~~~~~~~~
/home/marc/Projects/4ke/SSLLookAndFeel.cpp: In member function ‘virtual void SSLLookAndFeel::drawComboBox(juce::Graphics&, int, int, bool, int, int, int, int, juce::ComboBox&)’:
/home/marc/Projects/4ke/SSLLookAndFeel.cpp:275:82: warning: unused parameter ‘isButtonDown’ [-Wunused-parameter]
  275 | void SSLLookAndFeel::drawComboBox(juce::Graphics& g, int width, int height, bool isButtonDown,
      |                                                                             ~~~~~^~~~~~~~~~~~
[ 61%] Building CXX object CMakeFiles/SSL4KEQ.dir/home/marc/Projects/JUCE/modules/juce_audio_utils/juce_audio_utils.cpp.o
In file included from /home/marc/Projects/JUCE/modules/juce_audio_processors/juce_audio_processors.h:154,
                 from /home/marc/Projects/JUCE/modules/juce_audio_plugin_client/juce_audio_plugin_client.h:65,
                 from /home/marc/Projects/4ke/build_vst3/SSL4KEQ_artefacts/JuceLibraryCode/JuceHeader.h:14,
                 from /home/marc/Projects/4ke/SSL4KEQ.h:3,
                 from /home/marc/Projects/4ke/SSL4KEQ.cpp:1:
/home/marc/Projects/JUCE/modules/juce_audio_processors/processors/juce_AudioProcessor.h:289:18: warning: ‘virtual void juce::AudioProcessor::processBlock(juce::AudioBuffer<double>&, juce::MidiBuffer&)’ was hidden [-Woverloaded-virtual=]
  289 |     virtual void processBlock (AudioBuffer<double>& buffer,
      |                  ^~~~~~~~~~~~
/home/marc/Projects/4ke/SSL4KEQ.h:39:10: note:   by ‘virtual void SSL4KEQ::processBlock(juce::AudioBuffer<float>&, juce::MidiBuffer&)’
   39 |     void processBlock(juce::AudioBuffer<float>&, juce::MidiBuffer&) override;
      |          ^~~~~~~~~~~~
/home/marc/Projects/4ke/SSL4KEQ.h: In member function ‘virtual void SSL4KEQ::setCurrentProgram(int)’:
/home/marc/Projects/4ke/SSL4KEQ.h:56:32: warning: unused parameter ‘index’ [-Wunused-parameter]
   56 |     void setCurrentProgram(int index) override {}
      |                            ~~~~^~~~~
/home/marc/Projects/4ke/SSL4KEQ.h: In member function ‘virtual const juce::String SSL4KEQ::getProgramName(int)’:
/home/marc/Projects/4ke/SSL4KEQ.h:57:43: warning: unused parameter ‘index’ [-Wunused-parameter]
   57 |     const juce::String getProgramName(int index) override { return {}; }
      |                                       ~~~~^~~~~
/home/marc/Projects/4ke/SSL4KEQ.h: In member function ‘virtual void SSL4KEQ::changeProgramName(int, const juce::String&)’:
/home/marc/Projects/4ke/SSL4KEQ.h:58:32: warning: unused parameter ‘index’ [-Wunused-parameter]
   58 |     void changeProgramName(int index, const juce::String& newName) override {}
      |                            ~~~~^~~~~
/home/marc/Projects/4ke/SSL4KEQ.h:58:59: warning: unused parameter ‘newName’ [-Wunused-parameter]
   58 |     void changeProgramName(int index, const juce::String& newName) override {}
      |                                       ~~~~~~~~~~~~~~~~~~~~^~~~~~~
/home/marc/Projects/4ke/SSL4KEQ.cpp: In member function ‘virtual void SSL4KEQ::prepareToPlay(double, int)’:
/home/marc/Projects/4ke/SSL4KEQ.cpp:156:35: warning: conversion to ‘size_t’ {aka ‘long unsigned int’} from ‘int’ may change the sign of the result [-Wsign-conversion]
  156 |     oversampler2x->initProcessing(samplesPerBlock);
      |                                   ^~~~~~~~~~~~~~~
/home/marc/Projects/4ke/SSL4KEQ.cpp:157:35: warning: conversion to ‘size_t’ {aka ‘long unsigned int’} from ‘int’ may change the sign of the result [-Wsign-conversion]
  157 |     oversampler4x->initProcessing(samplesPerBlock);
      |                                   ^~~~~~~~~~~~~~~
/home/marc/Projects/4ke/SSL4KEQ.cpp:162:29: warning: conversion to ‘juce::uint32’ {aka ‘unsigned int’} from ‘int’ may change the sign of the result [-Wsign-conversion]
  162 |     spec.maximumBlockSize = samplesPerBlock;
      |                             ^~~~~~~~~~~~~~~
/home/marc/Projects/4ke/SSL4KEQ.cpp: In member function ‘virtual void SSL4KEQ::processBlock(juce::AudioBuffer<float>&, juce::MidiBuffer&)’:
/home/marc/Projects/4ke/SSL4KEQ.cpp:204:80: warning: unused parameter ‘midiMessages’ [-Wunused-parameter]
  204 | void SSL4KEQ::processBlock(juce::AudioBuffer<float>& buffer, juce::MidiBuffer& midiMessages)
      |                                                              ~~~~~~~~~~~~~~~~~~^~~~~~~~~~~~
/home/marc/Projects/4ke/SSL4KEQ.cpp: At global scope:
/home/marc/Projects/4ke/SSL4KEQ.cpp:486:17: warning: redundant redeclaration of ‘const void* ssl4keq_extension_data(const char*)’ in same scope [-Wredundant-decls]
  486 |     const void* ssl4keq_extension_data(const char* uri);
      |                 ^~~~~~~~~~~~~~~~~~~~~~
In file included from /home/marc/Projects/4ke/SSL4KEQ.cpp:6:
/home/marc/Projects/4ke/LV2InlineDisplay.h:82:17: note: previous declaration of ‘const void* ssl4keq_extension_data(const char*)’
   82 |     const void* ssl4keq_extension_data(const char* uri);
      |                 ^~~~~~~~~~~~~~~~~~~~~~
[ 64%] Building CXX object CMakeFiles/SSL4KEQ.dir/home/marc/Projects/JUCE/modules/juce_audio_formats/juce_audio_formats.cpp.o
[ 67%] Building CXX object CMakeFiles/SSL4KEQ.dir/home/marc/Projects/JUCE/modules/juce_audio_devices/juce_audio_devices.cpp.o
[ 70%] Building CXX object CMakeFiles/SSL4KEQ.dir/home/marc/Projects/JUCE/modules/juce_dsp/juce_dsp.cpp.o
